0 info it worked if it ends with ok
1 verbose cli [ '/home/shubham/.nvm/versions/node/v6.9.2/bin/node',
1 verbose cli   '/home/shubham/.nvm/versions/node/v6.9.2/bin/npm',
1 verbose cli   'start' ]
2 info using npm@3.10.9
3 info using node@v6.9.2
4 verbose run-script [ 'prestart', 'start', 'poststart' ]
5 info lifecycle whoami@1.0.0~prestart: whoami@1.0.0
6 silly lifecycle whoami@1.0.0~prestart: no script for prestart, continuing
7 info lifecycle whoami@1.0.0~start: whoami@1.0.0
8 verbose lifecycle whoami@1.0.0~start: unsafe-perm in lifecycle true
9 verbose lifecycle whoami@1.0.0~start: PATH: /home/shubham/.nvm/versions/node/v6.9.2/lib/node_modules/npm/bin/node-gyp-bin:/home/shubham/whoami/node_modules/.bin:/home/shubham/.nvm/versions/node/v6.9.2/bin:/usr/bin:/bin:/usr/sbin:/sbin:/opt/gradle/gradle-4.0/bin:/Android/Sdk:/Android/Sdk/tools:/Android/Sdk/paltform-tools://usr/local/sbin:/usr/local/bin:/usr/sbin:/usr/bin:/sbin:/bin:/usr/games:/usr/local/games:/snap/bin
10 verbose lifecycle whoami@1.0.0~start: CWD: /home/shubham/whoami
11 silly lifecycle whoami@1.0.0~start: Args: [ '-c', 'nodeemon app.js' ]
12 info lifecycle whoami@1.0.0~start: Failed to exec start script
13 verbose stack Error: whoami@1.0.0 start: `nodeemon app.js`
13 verbose stack spawn ENOENT
13 verbose stack     at ChildProcess.<anonymous> (/home/shubham/.nvm/versions/node/v6.9.2/lib/node_modules/npm/lib/utils/spawn.js:33:16)
13 verbose stack     at emitTwo (events.js:106:13)
13 verbose stack     at ChildProcess.emit (events.js:191:7)
13 verbose stack     at maybeClose (internal/child_process.js:877:16)
13 verbose stack     at Process.ChildProcess._handle.onexit (internal/child_process.js:226:5)
14 verbose pkgid whoami@1.0.0
15 verbose cwd /home/shubham/whoami
16 error Linux 4.4.0-21-generic
17 error argv "/home/shubham/.nvm/versions/node/v6.9.2/bin/node" "/home/shubham/.nvm/versions/node/v6.9.2/bin/npm" "start"
18 error node v6.9.2
19 error npm  v3.10.9
20 error file sh
21 error code ELIFECYCLE
22 error errno ENOENT
23 error syscall spawn
24 error whoami@1.0.0 start: `nodeemon app.js`
24 error spawn ENOENT
25 error Failed at the whoami@1.0.0 start script 'nodeemon app.js'.
25 error Make sure you have the latest version of node.js and npm installed.
25 error If you do, this is most likely a problem with the whoami package,
25 error not with npm itself.
25 error Tell the author that this fails on your system:
25 error     nodeemon app.js
25 error You can get information on how to open an issue for this project with:
25 error     npm bugs whoami
25 error Or if that isn't available, you can get their info via:
25 error     npm owner ls whoami
25 error There is likely additional logging output above.
26 verbose exit [ 1, true ]
